<?xml version="1.0" encoding="UTF-8"?>
<!-- Generated by org.testng.reporters.JUnitXMLReporter -->
<testsuite ignored="0" hostname="Zainaya" failures="0" tests="10" name="chromeTest" time="171.188" errors="0" timestamp="2025-02-17T17:50:23 PST">
  <testcase classname="testCases.TC01_LaunchApplication" name="testLaunchApplication" time="1.694"/>
  <testcase classname="testCases.TC06_PurchaseAGiftCertificate" name="testPurchaseAGiftCertificate" time="4.586"/>
  <testcase classname="testCases.TC03_AddToCart" name="testAddToCart" time="4.369"/>
  <testcase classname="testCases.TC02_Login" name="testLogin" time="5.183"/>
  <testcase classname="testCases.TC02_Login" name="testLogin" time="5.753"/>
  <testcase classname="testCases.TC02_Login" name="testLogin" time="4.756"/>
  <testcase classname="testCases.TC02_Login" name="testLogin" time="4.525"/>
  <testcase classname="testCases.TC02_Login" name="testLogin" time="4.655"/>
  <testcase classname="testCases.TC05_AddAnItemToWishList" name="testAddToWishList" time="3.863"/>
  <testcase classname="testCases.TC04_CompletePurchase" name="testCompletePurchase" time="77.138"/>
</testsuite> <!-- chromeTest -->
