<?xml version="1.0" encoding="UTF-8"?>
<!-- Generated by org.testng.reporters.JUnitXMLReporter -->
<testsuite ignored="0" hostname="Zainaya" failures="0" tests="10" name="firefoxTest" time="201.454" errors="0" timestamp="2025-02-17T17:50:53 PST">
  <testcase classname="testCases.TC01_LaunchApplication" name="testLaunchApplication" time="0.071"/>
  <testcase classname="testCases.TC06_PurchaseAGiftCertificate" name="testPurchaseAGiftCertificate" time="4.206"/>
  <testcase classname="testCases.TC03_AddToCart" name="testAddToCart" time="3.976"/>
  <testcase classname="testCases.TC02_Login" name="testLogin" time="4.465"/>
  <testcase classname="testCases.TC02_Login" name="testLogin" time="3.627"/>
  <testcase classname="testCases.TC02_Login" name="testLogin" time="3.87"/>
  <testcase classname="testCases.TC02_Login" name="testLogin" time="3.714"/>
  <testcase classname="testCases.TC02_Login" name="testLogin" time="4.59"/>
  <testcase classname="testCases.TC05_AddAnItemToWishList" name="testAddToWishList" time="2.779"/>
  <testcase classname="testCases.TC04_CompletePurchase" name="testCompletePurchase" time="71.944"/>
</testsuite> <!-- firefoxTest -->
